DungeonTreasures/Library/Bee/Android/Prj/Mono2x/Gradle/unityLibrary/build/intermediates/manifest_merge_blame_file/debug/manifest-merger-blame-debug-report.txt
1<?xml version="1.0" encoding="utf-8"?>
2<manifest xmlns:android="http://schemas.android.com/apk/res/android"
3    xmlns:tools="http://schemas.android.com/tools"
4    package="com.unity3d.player"
5    android:versionCode="1"
6    android:versionName="0.1" >
7
8    <uses-sdk
9        android:minSdkVersion="22"
9-->src\main\AndroidManifest.xml
10        android:targetSdkVersion="33" />
10-->src\main\AndroidManifest.xml
11
12    <uses-feature android:glEsVersion="0x00030000" />
12-->src\main\AndroidManifest.xml:26:3-52
12-->src\main\AndroidManifest.xml:26:17-49
13    <uses-feature
13-->src\main\AndroidManifest.xml:27:3-91
14        android:name="android.hardware.vulkan.version"
14-->src\main\AndroidManifest.xml:27:17-63
15        android:required="false" />
15-->src\main\AndroidManifest.xml:27:64-88
16
17    <uses-permission android:name="android.permission.INTERNET" />
17-->src\main\AndroidManifest.xml:28:3-65
17-->src\main\AndroidManifest.xml:28:20-62
18    <uses-permission android:name="android.permission.ACCESS_NETWORK_STATE" />
18-->src\main\AndroidManifest.xml:29:3-77
18-->src\main\AndroidManifest.xml:29:20-74
19
20    <uses-feature
20-->src\main\AndroidManifest.xml:30:3-88
21        android:name="android.hardware.touchscreen"
21-->src\main\AndroidManifest.xml:30:17-60
22        android:required="false" />
22-->src\main\AndroidManifest.xml:30:61-85
23    <uses-feature
23-->src\main\AndroidManifest.xml:31:3-99
24        android:name="android.hardware.touchscreen.multitouch"
24-->src\main\AndroidManifest.xml:31:17-71
25        android:required="false" />
25-->src\main\AndroidManifest.xml:31:72-96
26    <uses-feature
26-->src\main\AndroidManifest.xml:32:3-108
27        android:name="android.hardware.touchscreen.multitouch.distinct"
27-->src\main\AndroidManifest.xml:32:17-80
28        android:required="false" />
28-->src\main\AndroidManifest.xml:32:81-105
29
30    <application android:extractNativeLibs="true" >
30-->src\main\AndroidManifest.xml:3:3-25:17
30-->src\main\AndroidManifest.xml:3:16-48
31        <activity
31-->src\main\AndroidManifest.xml:4:5-17:16
32            android:name="com.unity3d.player.UnityPlayerActivity"
32-->src\main\AndroidManifest.xml:4:15-68
33            android:configChanges="mcc|mnc|locale|touchscreen|keyboard|keyboardHidden|navigation|orientation|screenLayout|uiMode|screenSize|smallestScreenSize|fontScale|layoutDirection|density"
33-->src\main\AndroidManifest.xml:4:185-366
34            android:exported="true"
34-->src\main\AndroidManifest.xml:4:438-461
35            android:hardwareAccelerated="false"
35-->src\main\AndroidManifest.xml:4:402-437
36            android:launchMode="singleTask"
36-->src\main\AndroidManifest.xml:4:153-184
37            android:resizeableActivity="false"
37-->src\main\AndroidManifest.xml:4:367-401
38            android:screenOrientation="userLandscape"
38-->src\main\AndroidManifest.xml:4:111-152
39            android:theme="@style/UnityThemeSelector" >
39-->src\main\AndroidManifest.xml:4:69-110
40            <intent-filter>
40-->src\main\AndroidManifest.xml:5:7-8:23
41                <action android:name="android.intent.action.MAIN" />
41-->src\main\AndroidManifest.xml:6:9-61
41-->src\main\AndroidManifest.xml:6:17-58
42
43                <category android:name="android.intent.category.LAUNCHER" />
43-->src\main\AndroidManifest.xml:7:9-69
43-->src\main\AndroidManifest.xml:7:19-66
44            </intent-filter>
45
46            <meta-data
46-->src\main\AndroidManifest.xml:9:7-82
47                android:name="unityplayer.UnityActivity"
47-->src\main\AndroidManifest.xml:9:18-58
48                android:value="true" />
48-->src\main\AndroidManifest.xml:9:59-79
49
50            <intent-filter>
50-->src\main\AndroidManifest.xml:10:7-15:23
51                <action android:name="android.intent.action.VIEW" />
51-->src\main\AndroidManifest.xml:11:9-61
51-->src\main\AndroidManifest.xml:11:17-58
52
53                <category android:name="android.intent.category.DEFAULT" />
53-->src\main\AndroidManifest.xml:12:9-68
53-->src\main\AndroidManifest.xml:12:19-65
54                <category android:name="android.intent.category.BROWSABLE" />
54-->src\main\AndroidManifest.xml:13:9-70
54-->src\main\AndroidManifest.xml:13:19-67
55
56                <data android:scheme="simple.oauth" />
56-->src\main\AndroidManifest.xml:14:9-47
56-->src\main\AndroidManifest.xml:14:15-44
57            </intent-filter>
58
59            <meta-data
59-->src\main\AndroidManifest.xml:16:7-78
60                android:name="android.notch_support"
60-->src\main\AndroidManifest.xml:16:18-54
61                android:value="true" />
61-->src\main\AndroidManifest.xml:16:55-75
62        </activity>
63        <!-- This was added by the AnalyticsFixPropertyRemover. If you want to prevent the generation of this, have "AnalyticsFixPropertyRemover" included in a comment -->
64        <property tools:node="removeAll" />
64-->src\main\AndroidManifest.xml:19:5-40
64-->src\main\AndroidManifest.xml:19:15-37
65
66        <meta-data
66-->src\main\AndroidManifest.xml:20:5-69
67            android:name="unity.splash-mode"
67-->src\main\AndroidManifest.xml:20:16-48
68            android:value="0" />
68-->src\main\AndroidManifest.xml:20:49-66
69        <meta-data
69-->src\main\AndroidManifest.xml:21:5-74
70            android:name="unity.splash-enable"
70-->src\main\AndroidManifest.xml:21:16-50
71            android:value="True" />
71-->src\main\AndroidManifest.xml:21:51-71
72        <meta-data
72-->src\main\AndroidManifest.xml:22:5-78
73            android:name="unity.launch-fullscreen"
73-->src\main\AndroidManifest.xml:22:16-54
74            android:value="True" />
74-->src\main\AndroidManifest.xml:22:55-75
75        <meta-data
75-->src\main\AndroidManifest.xml:23:5-84
76            android:name="unity.allow-resizable-window"
76-->src\main\AndroidManifest.xml:23:16-59
77            android:value="False" />
77-->src\main\AndroidManifest.xml:23:60-81
78        <meta-data
78-->src\main\AndroidManifest.xml:24:5-81
79            android:name="notch.config"
79-->src\main\AndroidManifest.xml:24:16-43
80            android:value="portrait|landscape" />
80-->src\main\AndroidManifest.xml:24:44-78
81    </application>
82
83</manifest>